[03-Jan-2023 13:45:51 Europe/Berlin] PHP Fatal error:  Uncaught TypeError: RequestMapperConfig::__construct(): Argument #1 ($defaultBasePath) must be of type BasePathConfig, string given, called in /media/josch/DATEN_SSD/CodeLocal/wf-request-mapper/index.php on line 11 and defined in /media/josch/DATEN_SSD/CodeLocal/wf-request-mapper/src/RequestMapperConfig.php:21
Stack trace:
#0 /media/josch/DATEN_SSD/CodeLocal/wf-request-mapper/index.php(11): RequestMapperConfig->__construct()
#1 {main}
  thrown in /media/josch/DATEN_SSD/CodeLocal/wf-request-mapper/src/RequestMapperConfig.php on line 21
[03-Jan-2023 13:45:51 Europe/Berlin] PHP Fatal error:  Uncaught TypeError: RequestMapperConfig::__construct(): Argument #1 ($defaultBasePath) must be of type BasePathConfig, string given, called in /media/josch/DATEN_SSD/CodeLocal/wf-request-mapper/index.php on line 11 and defined in /media/josch/DATEN_SSD/CodeLocal/wf-request-mapper/src/RequestMapperConfig.php:21
Stack trace:
#0 /media/josch/DATEN_SSD/CodeLocal/wf-request-mapper/index.php(11): RequestMapperConfig->__construct()
#1 {main}
  thrown in /media/josch/DATEN_SSD/CodeLocal/wf-request-mapper/src/RequestMapperConfig.php on line 21
[03-Jan-2023 13:45:52 Europe/Berlin] PHP Fatal error:  Uncaught TypeError: RequestMapperConfig::__construct(): Argument #1 ($defaultBasePath) must be of type BasePathConfig, string given, called in /media/josch/DATEN_SSD/CodeLocal/wf-request-mapper/index.php on line 11 and defined in /media/josch/DATEN_SSD/CodeLocal/wf-request-mapper/src/RequestMapperConfig.php:21
Stack trace:
#0 /media/josch/DATEN_SSD/CodeLocal/wf-request-mapper/index.php(11): RequestMapperConfig->__construct()
#1 {main}
  thrown in /media/josch/DATEN_SSD/CodeLocal/wf-request-mapper/src/RequestMapperConfig.php on line 21
[03-Jan-2023 13:45:54 Europe/Berlin] PHP Fatal error:  Uncaught TypeError: RequestMapperConfig::__construct(): Argument #1 ($defaultBasePath) must be of type BasePathConfig, string given, called in /media/josch/DATEN_SSD/CodeLocal/wf-request-mapper/index.php on line 11 and defined in /media/josch/DATEN_SSD/CodeLocal/wf-request-mapper/src/RequestMapperConfig.php:21
Stack trace:
#0 /media/josch/DATEN_SSD/CodeLocal/wf-request-mapper/index.php(11): RequestMapperConfig->__construct()
#1 {main}
  thrown in /media/josch/DATEN_SSD/CodeLocal/wf-request-mapper/src/RequestMapperConfig.php on line 21
[10-Jan-2023 11:41:16 Europe/Berlin] PHP Fatal error:  Uncaught TypeError: RequestMapperConfig::__construct(): Argument #1 ($defaultBasePath) must be of type BasePathConfig, string given, called in /media/josch/DATEN_SSD/CodeLocal/wf-request-mapper/index.php on line 11 and defined in /media/josch/DATEN_SSD/CodeLocal/wf-request-mapper/src/RequestMapperConfig.php:21
Stack trace:
#0 /media/josch/DATEN_SSD/CodeLocal/wf-request-mapper/index.php(11): RequestMapperConfig->__construct()
#1 {main}
  thrown in /media/josch/DATEN_SSD/CodeLocal/wf-request-mapper/src/RequestMapperConfig.php on line 21
[10-Jan-2023 11:41:16 Europe/Berlin] PHP Fatal error:  Uncaught TypeError: RequestMapperConfig::__construct(): Argument #1 ($defaultBasePath) must be of type BasePathConfig, string given, called in /media/josch/DATEN_SSD/CodeLocal/wf-request-mapper/index.php on line 11 and defined in /media/josch/DATEN_SSD/CodeLocal/wf-request-mapper/src/RequestMapperConfig.php:21
Stack trace:
#0 /media/josch/DATEN_SSD/CodeLocal/wf-request-mapper/index.php(11): RequestMapperConfig->__construct()
#1 {main}
  thrown in /media/josch/DATEN_SSD/CodeLocal/wf-request-mapper/src/RequestMapperConfig.php on line 21
[27-Jan-2023 09:36:00 Europe/Berlin] PHP Fatal error:  Uncaught TypeError: RequestMapperConfig::__construct(): Argument #1 ($defaultBasePath) must be of type BasePathConfig, string given, called in /media/josch/DATEN_SSD/CodeLocal/wf-request-mapper/index.php on line 11 and defined in /media/josch/DATEN_SSD/CodeLocal/wf-request-mapper/src/RequestMapperConfig.php:21
Stack trace:
#0 /media/josch/DATEN_SSD/CodeLocal/wf-request-mapper/index.php(11): RequestMapperConfig->__construct()
#1 {main}
  thrown in /media/josch/DATEN_SSD/CodeLocal/wf-request-mapper/src/RequestMapperConfig.php on line 21
[16-Feb-2023 10:32:35 Europe/Berlin] PHP Fatal error:  Uncaught TypeError: RequestMapperConfig::__construct(): Argument #1 ($defaultBasePath) must be of type BasePathConfig, string given, called in /media/josch/DATEN_SSD/CodeLocal/wf-request-mapper/index.php on line 11 and defined in /media/josch/DATEN_SSD/CodeLocal/wf-request-mapper/src/RequestMapperConfig.php:21
Stack trace:
#0 /media/josch/DATEN_SSD/CodeLocal/wf-request-mapper/index.php(11): RequestMapperConfig->__construct()
#1 {main}
  thrown in /media/josch/DATEN_SSD/CodeLocal/wf-request-mapper/src/RequestMapperConfig.php on line 21
[16-Feb-2023 10:32:35 Europe/Berlin] PHP Fatal error:  Uncaught TypeError: RequestMapperConfig::__construct(): Argument #1 ($defaultBasePath) must be of type BasePathConfig, string given, called in /media/josch/DATEN_SSD/CodeLocal/wf-request-mapper/index.php on line 11 and defined in /media/josch/DATEN_SSD/CodeLocal/wf-request-mapper/src/RequestMapperConfig.php:21
Stack trace:
#0 /media/josch/DATEN_SSD/CodeLocal/wf-request-mapper/index.php(11): RequestMapperConfig->__construct()
#1 {main}
  thrown in /media/josch/DATEN_SSD/CodeLocal/wf-request-mapper/src/RequestMapperConfig.php on line 21
[16-Mar-2023 17:41:24 Europe/Berlin] PHP Fatal error:  Uncaught TypeError: RequestMapperConfig::__construct(): Argument #1 ($defaultBasePath) must be of type BasePathConfig, string given, called in /media/josch/DATEN_SSD/CodeLocal/wf-request-mapper/index.php on line 11 and defined in /media/josch/DATEN_SSD/CodeLocal/wf-request-mapper/src/RequestMapperConfig.php:21
Stack trace:
#0 /media/josch/DATEN_SSD/CodeLocal/wf-request-mapper/index.php(11): RequestMapperConfig->__construct()
#1 {main}
  thrown in /media/josch/DATEN_SSD/CodeLocal/wf-request-mapper/src/RequestMapperConfig.php on line 21
[16-Mar-2023 17:41:25 Europe/Berlin] PHP Fatal error:  Uncaught TypeError: RequestMapperConfig::__construct(): Argument #1 ($defaultBasePath) must be of type BasePathConfig, string given, called in /media/josch/DATEN_SSD/CodeLocal/wf-request-mapper/index.php on line 11 and defined in /media/josch/DATEN_SSD/CodeLocal/wf-request-mapper/src/RequestMapperConfig.php:21
Stack trace:
#0 /media/josch/DATEN_SSD/CodeLocal/wf-request-mapper/index.php(11): RequestMapperConfig->__construct()
#1 {main}
  thrown in /media/josch/DATEN_SSD/CodeLocal/wf-request-mapper/src/RequestMapperConfig.php on line 21
[16-Mar-2023 17:41:25 Europe/Berlin] PHP Fatal error:  Uncaught TypeError: RequestMapperConfig::__construct(): Argument #1 ($defaultBasePath) must be of type BasePathConfig, string given, called in /media/josch/DATEN_SSD/CodeLocal/wf-request-mapper/index.php on line 11 and defined in /media/josch/DATEN_SSD/CodeLocal/wf-request-mapper/src/RequestMapperConfig.php:21
Stack trace:
#0 /media/josch/DATEN_SSD/CodeLocal/wf-request-mapper/index.php(11): RequestMapperConfig->__construct()
#1 {main}
  thrown in /media/josch/DATEN_SSD/CodeLocal/wf-request-mapper/src/RequestMapperConfig.php on line 21
[16-Mar-2023 17:41:26 Europe/Berlin] PHP Fatal error:  Uncaught TypeError: RequestMapperConfig::__construct(): Argument #1 ($defaultBasePath) must be of type BasePathConfig, string given, called in /media/josch/DATEN_SSD/CodeLocal/wf-request-mapper/index.php on line 11 and defined in /media/josch/DATEN_SSD/CodeLocal/wf-request-mapper/src/RequestMapperConfig.php:21
Stack trace:
#0 /media/josch/DATEN_SSD/CodeLocal/wf-request-mapper/index.php(11): RequestMapperConfig->__construct()
#1 {main}
  thrown in /media/josch/DATEN_SSD/CodeLocal/wf-request-mapper/src/RequestMapperConfig.php on line 21
[16-Mar-2023 17:42:29 Europe/Berlin] PHP Fatal error:  Uncaught TypeError: RequestMapperConfig::__construct(): Argument #1 ($defaultBasePath) must be of type BasePathConfig, string given, called in /media/josch/DATEN_SSD/CodeLocal/wf-request-mapper/index.php on line 11 and defined in /media/josch/DATEN_SSD/CodeLocal/wf-request-mapper/src/RequestMapperConfig.php:21
Stack trace:
#0 /media/josch/DATEN_SSD/CodeLocal/wf-request-mapper/index.php(11): RequestMapperConfig->__construct()
#1 {main}
  thrown in /media/josch/DATEN_SSD/CodeLocal/wf-request-mapper/src/RequestMapperConfig.php on line 21
[16-Mar-2023 17:58:14 Europe/Berlin] PHP Fatal error:  Uncaught TypeError: RequestMapperConfig::__construct(): Argument #1 ($defaultBasePath) must be of type BasePathConfig, string given, called in /media/josch/DATEN_SSD/CodeLocal/wf-request-mapper/index.php on line 11 and defined in /media/josch/DATEN_SSD/CodeLocal/wf-request-mapper/src/RequestMapperConfig.php:21
Stack trace:
#0 /media/josch/DATEN_SSD/CodeLocal/wf-request-mapper/index.php(11): RequestMapperConfig->__construct()
#1 {main}
  thrown in /media/josch/DATEN_SSD/CodeLocal/wf-request-mapper/src/RequestMapperConfig.php on line 21
[16-Mar-2023 17:59:48 Europe/Berlin] PHP Fatal error:  Uncaught TypeError: RequestMapperConfig::__construct(): Argument #1 ($defaultBasePath) must be of type BasePathConfig, string given, called in /media/josch/DATEN_SSD/CodeLocal/wf-request-mapper/index.php on line 11 and defined in /media/josch/DATEN_SSD/CodeLocal/wf-request-mapper/src/RequestMapperConfig.php:21
Stack trace:
#0 /media/josch/DATEN_SSD/CodeLocal/wf-request-mapper/index.php(11): RequestMapperConfig->__construct()
#1 {main}
  thrown in /media/josch/DATEN_SSD/CodeLocal/wf-request-mapper/src/RequestMapperConfig.php on line 21
[16-Mar-2023 18:06:20 Europe/Berlin] PHP Fatal error:  Uncaught TypeError: RequestMapperConfig::__construct(): Argument #1 ($defaultBasePath) must be of type BasePathConfig, string given, called in /media/josch/DATEN_SSD/CodeLocal/wf-request-mapper/index.php on line 11 and defined in /media/josch/DATEN_SSD/CodeLocal/wf-request-mapper/src/RequestMapperConfig.php:21
Stack trace:
#0 /media/josch/DATEN_SSD/CodeLocal/wf-request-mapper/index.php(11): RequestMapperConfig->__construct()
#1 {main}
  thrown in /media/josch/DATEN_SSD/CodeLocal/wf-request-mapper/src/RequestMapperConfig.php on line 21
[16-Mar-2023 18:06:26 Europe/Berlin] PHP Fatal error:  Uncaught TypeError: RequestMapperConfig::__construct(): Argument #1 ($defaultBasePath) must be of type BasePathConfig, string given, called in /media/josch/DATEN_SSD/CodeLocal/wf-request-mapper/index.php on line 11 and defined in /media/josch/DATEN_SSD/CodeLocal/wf-request-mapper/src/RequestMapperConfig.php:21
Stack trace:
#0 /media/josch/DATEN_SSD/CodeLocal/wf-request-mapper/index.php(11): RequestMapperConfig->__construct()
#1 {main}
  thrown in /media/josch/DATEN_SSD/CodeLocal/wf-request-mapper/src/RequestMapperConfig.php on line 21
[16-Mar-2023 18:08:14 Europe/Berlin] PHP Fatal error:  Uncaught TypeError: RequestMapperConfig::__construct(): Argument #1 ($defaultBasePath) must be of type BasePathConfig, string given, called in /media/josch/DATEN_SSD/CodeLocal/wf-request-mapper/index.php on line 11 and defined in /media/josch/DATEN_SSD/CodeLocal/wf-request-mapper/src/RequestMapperConfig.php:21
Stack trace:
#0 /media/josch/DATEN_SSD/CodeLocal/wf-request-mapper/index.php(11): RequestMapperConfig->__construct()
#1 {main}
  thrown in /media/josch/DATEN_SSD/CodeLocal/wf-request-mapper/src/RequestMapperConfig.php on line 21
[17-Mar-2023 09:14:17 Europe/Berlin] PHP Fatal error:  Uncaught TypeError: RequestMapperConfig::__construct(): Argument #1 ($defaultBasePath) must be of type BasePathConfig, string given, called in /media/josch/DATEN_SSD/CodeLocal/wf-request-mapper/index.php on line 11 and defined in /media/josch/DATEN_SSD/CodeLocal/wf-request-mapper/src/RequestMapperConfig.php:21
Stack trace:
#0 /media/josch/DATEN_SSD/CodeLocal/wf-request-mapper/index.php(11): RequestMapperConfig->__construct()
#1 {main}
  thrown in /media/josch/DATEN_SSD/CodeLocal/wf-request-mapper/src/RequestMapperConfig.php on line 21
[23-Mar-2023 12:27:58 Europe/Berlin] PHP Fatal error:  Uncaught TypeError: RequestMapperConfig::__construct(): Argument #1 ($defaultBasePath) must be of type BasePathConfig, string given, called in /media/josch/DATEN_SSD/CodeLocal/wf-request-mapper/index.php on line 11 and defined in /media/josch/DATEN_SSD/CodeLocal/wf-request-mapper/src/RequestMapperConfig.php:21
Stack trace:
#0 /media/josch/DATEN_SSD/CodeLocal/wf-request-mapper/index.php(11): RequestMapperConfig->__construct()
#1 {main}
  thrown in /media/josch/DATEN_SSD/CodeLocal/wf-request-mapper/src/RequestMapperConfig.php on line 21
[23-Mar-2023 12:27:58 Europe/Berlin] PHP Fatal error:  Uncaught TypeError: RequestMapperConfig::__construct(): Argument #1 ($defaultBasePath) must be of type BasePathConfig, string given, called in /media/josch/DATEN_SSD/CodeLocal/wf-request-mapper/index.php on line 11 and defined in /media/josch/DATEN_SSD/CodeLocal/wf-request-mapper/src/RequestMapperConfig.php:21
Stack trace:
#0 /media/josch/DATEN_SSD/CodeLocal/wf-request-mapper/index.php(11): RequestMapperConfig->__construct()
#1 {main}
  thrown in /media/josch/DATEN_SSD/CodeLocal/wf-request-mapper/src/RequestMapperConfig.php on line 21
[23-Mar-2023 12:27:59 Europe/Berlin] PHP Fatal error:  Uncaught TypeError: RequestMapperConfig::__construct(): Argument #1 ($defaultBasePath) must be of type BasePathConfig, string given, called in /media/josch/DATEN_SSD/CodeLocal/wf-request-mapper/index.php on line 11 and defined in /media/josch/DATEN_SSD/CodeLocal/wf-request-mapper/src/RequestMapperConfig.php:21
Stack trace:
#0 /media/josch/DATEN_SSD/CodeLocal/wf-request-mapper/index.php(11): RequestMapperConfig->__construct()
#1 {main}
  thrown in /media/josch/DATEN_SSD/CodeLocal/wf-request-mapper/src/RequestMapperConfig.php on line 21
[23-Mar-2023 12:28:00 Europe/Berlin] PHP Fatal error:  Uncaught TypeError: RequestMapperConfig::__construct(): Argument #1 ($defaultBasePath) must be of type BasePathConfig, string given, called in /media/josch/DATEN_SSD/CodeLocal/wf-request-mapper/index.php on line 11 and defined in /media/josch/DATEN_SSD/CodeLocal/wf-request-mapper/src/RequestMapperConfig.php:21
Stack trace:
#0 /media/josch/DATEN_SSD/CodeLocal/wf-request-mapper/index.php(11): RequestMapperConfig->__construct()
#1 {main}
  thrown in /media/josch/DATEN_SSD/CodeLocal/wf-request-mapper/src/RequestMapperConfig.php on line 21
[23-Mar-2023 12:28:00 Europe/Berlin] PHP Fatal error:  Uncaught TypeError: RequestMapperConfig::__construct(): Argument #1 ($defaultBasePath) must be of type BasePathConfig, string given, called in /media/josch/DATEN_SSD/CodeLocal/wf-request-mapper/index.php on line 11 and defined in /media/josch/DATEN_SSD/CodeLocal/wf-request-mapper/src/RequestMapperConfig.php:21
Stack trace:
#0 /media/josch/DATEN_SSD/CodeLocal/wf-request-mapper/index.php(11): RequestMapperConfig->__construct()
#1 {main}
  thrown in /media/josch/DATEN_SSD/CodeLocal/wf-request-mapper/src/RequestMapperConfig.php on line 21
[23-Mar-2023 12:28:01 Europe/Berlin] PHP Fatal error:  Uncaught TypeError: RequestMapperConfig::__construct(): Argument #1 ($defaultBasePath) must be of type BasePathConfig, string given, called in /media/josch/DATEN_SSD/CodeLocal/wf-request-mapper/index.php on line 11 and defined in /media/josch/DATEN_SSD/CodeLocal/wf-request-mapper/src/RequestMapperConfig.php:21
Stack trace:
#0 /media/josch/DATEN_SSD/CodeLocal/wf-request-mapper/index.php(11): RequestMapperConfig->__construct()
#1 {main}
  thrown in /media/josch/DATEN_SSD/CodeLocal/wf-request-mapper/src/RequestMapperConfig.php on line 21
[23-Mar-2023 12:32:17 Europe/Berlin] PHP Fatal error:  Uncaught TypeError: RequestMapperConfig::__construct(): Argument #1 ($defaultBasePath) must be of type BasePathConfig, string given, called in /media/josch/DATEN_SSD/CodeLocal/wf-request-mapper/index.php on line 11 and defined in /media/josch/DATEN_SSD/CodeLocal/wf-request-mapper/src/RequestMapperConfig.php:21
Stack trace:
#0 /media/josch/DATEN_SSD/CodeLocal/wf-request-mapper/index.php(11): RequestMapperConfig->__construct()
#1 {main}
  thrown in /media/josch/DATEN_SSD/CodeLocal/wf-request-mapper/src/RequestMapperConfig.php on line 21
[23-Mar-2023 12:33:42 Europe/Berlin] PHP Fatal error:  Uncaught TypeError: RequestMapperConfig::__construct(): Argument #1 ($defaultBasePath) must be of type BasePathConfig, string given, called in /media/josch/DATEN_SSD/CodeLocal/wf-request-mapper/index.php on line 11 and defined in /media/josch/DATEN_SSD/CodeLocal/wf-request-mapper/src/RequestMapperConfig.php:21
Stack trace:
#0 /media/josch/DATEN_SSD/CodeLocal/wf-request-mapper/index.php(11): RequestMapperConfig->__construct()
#1 {main}
  thrown in /media/josch/DATEN_SSD/CodeLocal/wf-request-mapper/src/RequestMapperConfig.php on line 21
[23-Mar-2023 12:33:54 Europe/Berlin] PHP Fatal error:  Uncaught TypeError: RequestMapperConfig::__construct(): Argument #1 ($defaultBasePath) must be of type BasePathConfig, string given, called in /media/josch/DATEN_SSD/CodeLocal/wf-request-mapper/index.php on line 11 and defined in /media/josch/DATEN_SSD/CodeLocal/wf-request-mapper/src/RequestMapperConfig.php:21
Stack trace:
#0 /media/josch/DATEN_SSD/CodeLocal/wf-request-mapper/index.php(11): RequestMapperConfig->__construct()
#1 {main}
  thrown in /media/josch/DATEN_SSD/CodeLocal/wf-request-mapper/src/RequestMapperConfig.php on line 21
[23-Mar-2023 13:21:49 Europe/Berlin] PHP Fatal error:  Uncaught TypeError: RequestMapperConfig::__construct(): Argument #1 ($defaultBasePath) must be of type BasePathConfig, string given, called in /media/josch/DATEN_SSD/CodeLocal/wf-request-mapper/index.php on line 11 and defined in /media/josch/DATEN_SSD/CodeLocal/wf-request-mapper/src/RequestMapperConfig.php:21
Stack trace:
#0 /media/josch/DATEN_SSD/CodeLocal/wf-request-mapper/index.php(11): RequestMapperConfig->__construct()
#1 {main}
  thrown in /media/josch/DATEN_SSD/CodeLocal/wf-request-mapper/src/RequestMapperConfig.php on line 21
[23-Mar-2023 13:21:49 Europe/Berlin] PHP Fatal error:  Uncaught TypeError: RequestMapperConfig::__construct(): Argument #1 ($defaultBasePath) must be of type BasePathConfig, string given, called in /media/josch/DATEN_SSD/CodeLocal/wf-request-mapper/index.php on line 11 and defined in /media/josch/DATEN_SSD/CodeLocal/wf-request-mapper/src/RequestMapperConfig.php:21
Stack trace:
#0 /media/josch/DATEN_SSD/CodeLocal/wf-request-mapper/index.php(11): RequestMapperConfig->__construct()
#1 {main}
  thrown in /media/josch/DATEN_SSD/CodeLocal/wf-request-mapper/src/RequestMapperConfig.php on line 21
[23-Mar-2023 13:23:22 Europe/Berlin] PHP Fatal error:  Uncaught TypeError: RequestMapperConfig::__construct(): Argument #1 ($defaultBasePath) must be of type BasePathConfig, string given, called in /media/josch/DATEN_SSD/CodeLocal/wf-request-mapper/index.php on line 11 and defined in /media/josch/DATEN_SSD/CodeLocal/wf-request-mapper/src/RequestMapperConfig.php:21
Stack trace:
#0 /media/josch/DATEN_SSD/CodeLocal/wf-request-mapper/index.php(11): RequestMapperConfig->__construct()
#1 {main}
  thrown in /media/josch/DATEN_SSD/CodeLocal/wf-request-mapper/src/RequestMapperConfig.php on line 21
[23-Mar-2023 13:23:29 Europe/Berlin] PHP Fatal error:  Uncaught TypeError: RequestMapperConfig::__construct(): Argument #1 ($defaultBasePath) must be of type BasePathConfig, string given, called in /media/josch/DATEN_SSD/CodeLocal/wf-request-mapper/index.php on line 11 and defined in /media/josch/DATEN_SSD/CodeLocal/wf-request-mapper/src/RequestMapperConfig.php:21
Stack trace:
#0 /media/josch/DATEN_SSD/CodeLocal/wf-request-mapper/index.php(11): RequestMapperConfig->__construct()
#1 {main}
  thrown in /media/josch/DATEN_SSD/CodeLocal/wf-request-mapper/src/RequestMapperConfig.php on line 21
[23-Mar-2023 13:23:38 Europe/Berlin] PHP Fatal error:  Uncaught TypeError: RequestMapperConfig::__construct(): Argument #1 ($defaultBasePath) must be of type BasePathConfig, string given, called in /media/josch/DATEN_SSD/CodeLocal/wf-request-mapper/index.php on line 11 and defined in /media/josch/DATEN_SSD/CodeLocal/wf-request-mapper/src/RequestMapperConfig.php:21
Stack trace:
#0 /media/josch/DATEN_SSD/CodeLocal/wf-request-mapper/index.php(11): RequestMapperConfig->__construct()
#1 {main}
  thrown in /media/josch/DATEN_SSD/CodeLocal/wf-request-mapper/src/RequestMapperConfig.php on line 21
[23-Mar-2023 13:25:02 Europe/Berlin] PHP Fatal error:  Uncaught TypeError: RequestMapperConfig::__construct(): Argument #1 ($defaultBasePath) must be of type BasePathConfig, string given, called in /media/josch/DATEN_SSD/CodeLocal/wf-request-mapper/index.php on line 11 and defined in /media/josch/DATEN_SSD/CodeLocal/wf-request-mapper/src/RequestMapperConfig.php:21
Stack trace:
#0 /media/josch/DATEN_SSD/CodeLocal/wf-request-mapper/index.php(11): RequestMapperConfig->__construct()
#1 {main}
  thrown in /media/josch/DATEN_SSD/CodeLocal/wf-request-mapper/src/RequestMapperConfig.php on line 21
[23-Mar-2023 14:40:37 Europe/Berlin] PHP Fatal error:  Uncaught TypeError: RequestMapperConfig::__construct(): Argument #1 ($defaultBasePath) must be of type BasePathConfig, string given, called in /media/josch/DATEN_SSD/CodeLocal/wf-request-mapper/index.php on line 11 and defined in /media/josch/DATEN_SSD/CodeLocal/wf-request-mapper/src/RequestMapperConfig.php:21
Stack trace:
#0 /media/josch/DATEN_SSD/CodeLocal/wf-request-mapper/index.php(11): RequestMapperConfig->__construct()
#1 {main}
  thrown in /media/josch/DATEN_SSD/CodeLocal/wf-request-mapper/src/RequestMapperConfig.php on line 21
[23-Mar-2023 14:44:57 Europe/Berlin] PHP Fatal error:  Uncaught TypeError: RequestMapperConfig::__construct(): Argument #1 ($defaultBasePath) must be of type BasePathConfig, string given, called in /media/josch/DATEN_SSD/CodeLocal/wf-request-mapper/index.php on line 11 and defined in /media/josch/DATEN_SSD/CodeLocal/wf-request-mapper/src/RequestMapperConfig.php:21
Stack trace:
#0 /media/josch/DATEN_SSD/CodeLocal/wf-request-mapper/index.php(11): RequestMapperConfig->__construct()
#1 {main}
  thrown in /media/josch/DATEN_SSD/CodeLocal/wf-request-mapper/src/RequestMapperConfig.php on line 21
[23-Mar-2023 14:45:22 Europe/Berlin] PHP Fatal error:  Uncaught TypeError: RequestMapperConfig::__construct(): Argument #1 ($defaultBasePath) must be of type BasePathConfig, string given, called in /media/josch/DATEN_SSD/CodeLocal/wf-request-mapper/index.php on line 11 and defined in /media/josch/DATEN_SSD/CodeLocal/wf-request-mapper/src/RequestMapperConfig.php:21
Stack trace:
#0 /media/josch/DATEN_SSD/CodeLocal/wf-request-mapper/index.php(11): RequestMapperConfig->__construct()
#1 {main}
  thrown in /media/josch/DATEN_SSD/CodeLocal/wf-request-mapper/src/RequestMapperConfig.php on line 21
[23-Mar-2023 14:56:36 Europe/Berlin] PHP Fatal error:  Uncaught TypeError: RequestMapperConfig::__construct(): Argument #1 ($defaultBasePath) must be of type BasePathConfig, string given, called in /media/josch/DATEN_SSD/CodeLocal/wf-request-mapper/index.php on line 11 and defined in /media/josch/DATEN_SSD/CodeLocal/wf-request-mapper/src/RequestMapperConfig.php:21
Stack trace:
#0 /media/josch/DATEN_SSD/CodeLocal/wf-request-mapper/index.php(11): RequestMapperConfig->__construct()
#1 {main}
  thrown in /media/josch/DATEN_SSD/CodeLocal/wf-request-mapper/src/RequestMapperConfig.php on line 21
[23-Mar-2023 15:01:12 Europe/Berlin] PHP Fatal error:  Uncaught TypeError: RequestMapperConfig::__construct(): Argument #1 ($defaultBasePath) must be of type BasePathConfig, string given, called in /media/josch/DATEN_SSD/CodeLocal/wf-request-mapper/index.php on line 11 and defined in /media/josch/DATEN_SSD/CodeLocal/wf-request-mapper/src/RequestMapperConfig.php:21
Stack trace:
#0 /media/josch/DATEN_SSD/CodeLocal/wf-request-mapper/index.php(11): RequestMapperConfig->__construct()
#1 {main}
  thrown in /media/josch/DATEN_SSD/CodeLocal/wf-request-mapper/src/RequestMapperConfig.php on line 21
[23-Mar-2023 15:02:19 Europe/Berlin] PHP Fatal error:  Uncaught TypeError: RequestMapperConfig::__construct(): Argument #1 ($defaultBasePath) must be of type BasePathConfig, string given, called in /media/josch/DATEN_SSD/CodeLocal/wf-request-mapper/index.php on line 11 and defined in /media/josch/DATEN_SSD/CodeLocal/wf-request-mapper/src/RequestMapperConfig.php:21
Stack trace:
#0 /media/josch/DATEN_SSD/CodeLocal/wf-request-mapper/index.php(11): RequestMapperConfig->__construct()
#1 {main}
  thrown in /media/josch/DATEN_SSD/CodeLocal/wf-request-mapper/src/RequestMapperConfig.php on line 21
[23-Mar-2023 15:08:25 Europe/Berlin] PHP Fatal error:  Uncaught TypeError: RequestMapperConfig::__construct(): Argument #1 ($defaultBasePath) must be of type BasePathConfig, string given, called in /media/josch/DATEN_SSD/CodeLocal/wf-request-mapper/index.php on line 11 and defined in /media/josch/DATEN_SSD/CodeLocal/wf-request-mapper/src/RequestMapperConfig.php:21
Stack trace:
#0 /media/josch/DATEN_SSD/CodeLocal/wf-request-mapper/index.php(11): RequestMapperConfig->__construct()
#1 {main}
  thrown in /media/josch/DATEN_SSD/CodeLocal/wf-request-mapper/src/RequestMapperConfig.php on line 21
[23-Mar-2023 15:08:51 Europe/Berlin] PHP Fatal error:  Uncaught TypeError: RequestMapperConfig::__construct(): Argument #1 ($defaultBasePath) must be of type BasePathConfig, string given, called in /media/josch/DATEN_SSD/CodeLocal/wf-request-mapper/index.php on line 11 and defined in /media/josch/DATEN_SSD/CodeLocal/wf-request-mapper/src/RequestMapperConfig.php:21
Stack trace:
#0 /media/josch/DATEN_SSD/CodeLocal/wf-request-mapper/index.php(11): RequestMapperConfig->__construct()
#1 {main}
  thrown in /media/josch/DATEN_SSD/CodeLocal/wf-request-mapper/src/RequestMapperConfig.php on line 21
[23-Mar-2023 15:09:01 Europe/Berlin] PHP Fatal error:  Uncaught TypeError: RequestMapperConfig::__construct(): Argument #1 ($defaultBasePath) must be of type BasePathConfig, string given, called in /media/josch/DATEN_SSD/CodeLocal/wf-request-mapper/index.php on line 11 and defined in /media/josch/DATEN_SSD/CodeLocal/wf-request-mapper/src/RequestMapperConfig.php:21
Stack trace:
#0 /media/josch/DATEN_SSD/CodeLocal/wf-request-mapper/index.php(11): RequestMapperConfig->__construct()
#1 {main}
  thrown in /media/josch/DATEN_SSD/CodeLocal/wf-request-mapper/src/RequestMapperConfig.php on line 21
[23-Mar-2023 15:09:32 Europe/Berlin] PHP Fatal error:  Uncaught TypeError: RequestMapperConfig::__construct(): Argument #1 ($defaultBasePath) must be of type BasePathConfig, string given, called in /media/josch/DATEN_SSD/CodeLocal/wf-request-mapper/index.php on line 11 and defined in /media/josch/DATEN_SSD/CodeLocal/wf-request-mapper/src/RequestMapperConfig.php:21
Stack trace:
#0 /media/josch/DATEN_SSD/CodeLocal/wf-request-mapper/index.php(11): RequestMapperConfig->__construct()
#1 {main}
  thrown in /media/josch/DATEN_SSD/CodeLocal/wf-request-mapper/src/RequestMapperConfig.php on line 21
[23-Mar-2023 15:10:24 Europe/Berlin] PHP Fatal error:  Uncaught TypeError: RequestMapperConfig::__construct(): Argument #1 ($defaultBasePath) must be of type BasePathConfig, string given, called in /media/josch/DATEN_SSD/CodeLocal/wf-request-mapper/index.php on line 11 and defined in /media/josch/DATEN_SSD/CodeLocal/wf-request-mapper/src/RequestMapperConfig.php:21
Stack trace:
#0 /media/josch/DATEN_SSD/CodeLocal/wf-request-mapper/index.php(11): RequestMapperConfig->__construct()
#1 {main}
  thrown in /media/josch/DATEN_SSD/CodeLocal/wf-request-mapper/src/RequestMapperConfig.php on line 21
[23-Mar-2023 15:10:27 Europe/Berlin] PHP Fatal error:  Uncaught TypeError: RequestMapperConfig::__construct(): Argument #1 ($defaultBasePath) must be of type BasePathConfig, string given, called in /media/josch/DATEN_SSD/CodeLocal/wf-request-mapper/index.php on line 11 and defined in /media/josch/DATEN_SSD/CodeLocal/wf-request-mapper/src/RequestMapperConfig.php:21
Stack trace:
#0 /media/josch/DATEN_SSD/CodeLocal/wf-request-mapper/index.php(11): RequestMapperConfig->__construct()
#1 {main}
  thrown in /media/josch/DATEN_SSD/CodeLocal/wf-request-mapper/src/RequestMapperConfig.php on line 21
[23-Mar-2023 15:16:14 Europe/Berlin] PHP Fatal error:  Uncaught TypeError: RequestMapperConfig::__construct(): Argument #1 ($defaultBasePath) must be of type BasePathConfig, string given, called in /media/josch/DATEN_SSD/CodeLocal/wf-request-mapper/index.php on line 11 and defined in /media/josch/DATEN_SSD/CodeLocal/wf-request-mapper/src/RequestMapperConfig.php:21
Stack trace:
#0 /media/josch/DATEN_SSD/CodeLocal/wf-request-mapper/index.php(11): RequestMapperConfig->__construct()
#1 {main}
  thrown in /media/josch/DATEN_SSD/CodeLocal/wf-request-mapper/src/RequestMapperConfig.php on line 21
[23-Mar-2023 15:16:14 Europe/Berlin] PHP Fatal error:  Uncaught TypeError: RequestMapperConfig::__construct(): Argument #1 ($defaultBasePath) must be of type BasePathConfig, string given, called in /media/josch/DATEN_SSD/CodeLocal/wf-request-mapper/index.php on line 11 and defined in /media/josch/DATEN_SSD/CodeLocal/wf-request-mapper/src/RequestMapperConfig.php:21
Stack trace:
#0 /media/josch/DATEN_SSD/CodeLocal/wf-request-mapper/index.php(11): RequestMapperConfig->__construct()
#1 {main}
  thrown in /media/josch/DATEN_SSD/CodeLocal/wf-request-mapper/src/RequestMapperConfig.php on line 21
[23-Mar-2023 15:16:16 Europe/Berlin] PHP Fatal error:  Uncaught TypeError: RequestMapperConfig::__construct(): Argument #1 ($defaultBasePath) must be of type BasePathConfig, string given, called in /media/josch/DATEN_SSD/CodeLocal/wf-request-mapper/index.php on line 11 and defined in /media/josch/DATEN_SSD/CodeLocal/wf-request-mapper/src/RequestMapperConfig.php:21
Stack trace:
#0 /media/josch/DATEN_SSD/CodeLocal/wf-request-mapper/index.php(11): RequestMapperConfig->__construct()
#1 {main}
  thrown in /media/josch/DATEN_SSD/CodeLocal/wf-request-mapper/src/RequestMapperConfig.php on line 21
[23-Mar-2023 15:17:16 Europe/Berlin] PHP Fatal error:  Uncaught TypeError: RequestMapperConfig::__construct(): Argument #1 ($defaultBasePath) must be of type BasePathConfig, string given, called in /media/josch/DATEN_SSD/CodeLocal/wf-request-mapper/index.php on line 11 and defined in /media/josch/DATEN_SSD/CodeLocal/wf-request-mapper/src/RequestMapperConfig.php:21
Stack trace:
#0 /media/josch/DATEN_SSD/CodeLocal/wf-request-mapper/index.php(11): RequestMapperConfig->__construct()
#1 {main}
  thrown in /media/josch/DATEN_SSD/CodeLocal/wf-request-mapper/src/RequestMapperConfig.php on line 21
[23-Mar-2023 15:17:17 Europe/Berlin] PHP Fatal error:  Uncaught TypeError: RequestMapperConfig::__construct(): Argument #1 ($defaultBasePath) must be of type BasePathConfig, string given, called in /media/josch/DATEN_SSD/CodeLocal/wf-request-mapper/index.php on line 11 and defined in /media/josch/DATEN_SSD/CodeLocal/wf-request-mapper/src/RequestMapperConfig.php:21
Stack trace:
#0 /media/josch/DATEN_SSD/CodeLocal/wf-request-mapper/index.php(11): RequestMapperConfig->__construct()
#1 {main}
  thrown in /media/josch/DATEN_SSD/CodeLocal/wf-request-mapper/src/RequestMapperConfig.php on line 21
[23-Mar-2023 15:17:18 Europe/Berlin] PHP Fatal error:  Uncaught TypeError: RequestMapperConfig::__construct(): Argument #1 ($defaultBasePath) must be of type BasePathConfig, string given, called in /media/josch/DATEN_SSD/CodeLocal/wf-request-mapper/index.php on line 11 and defined in /media/josch/DATEN_SSD/CodeLocal/wf-request-mapper/src/RequestMapperConfig.php:21
Stack trace:
#0 /media/josch/DATEN_SSD/CodeLocal/wf-request-mapper/index.php(11): RequestMapperConfig->__construct()
#1 {main}
  thrown in /media/josch/DATEN_SSD/CodeLocal/wf-request-mapper/src/RequestMapperConfig.php on line 21
[23-Mar-2023 15:21:36 Europe/Berlin] PHP Fatal error:  Uncaught TypeError: RequestMapperConfig::__construct(): Argument #1 ($defaultBasePath) must be of type BasePathConfig, string given, called in /media/josch/DATEN_SSD/CodeLocal/wf-request-mapper/index.php on line 11 and defined in /media/josch/DATEN_SSD/CodeLocal/wf-request-mapper/src/RequestMapperConfig.php:21
Stack trace:
#0 /media/josch/DATEN_SSD/CodeLocal/wf-request-mapper/index.php(11): RequestMapperConfig->__construct()
#1 {main}
  thrown in /media/josch/DATEN_SSD/CodeLocal/wf-request-mapper/src/RequestMapperConfig.php on line 21
[23-Mar-2023 15:22:16 Europe/Berlin] PHP Fatal error:  Uncaught TypeError: RequestMapperConfig::__construct(): Argument #1 ($defaultBasePath) must be of type BasePathConfig, string given, called in /media/josch/DATEN_SSD/CodeLocal/wf-request-mapper/index.php on line 11 and defined in /media/josch/DATEN_SSD/CodeLocal/wf-request-mapper/src/RequestMapperConfig.php:21
Stack trace:
#0 /media/josch/DATEN_SSD/CodeLocal/wf-request-mapper/index.php(11): RequestMapperConfig->__construct()
#1 {main}
  thrown in /media/josch/DATEN_SSD/CodeLocal/wf-request-mapper/src/RequestMapperConfig.php on line 21
[23-Mar-2023 15:22:19 Europe/Berlin] PHP Fatal error:  Uncaught TypeError: RequestMapperConfig::__construct(): Argument #1 ($defaultBasePath) must be of type BasePathConfig, string given, called in /media/josch/DATEN_SSD/CodeLocal/wf-request-mapper/index.php on line 11 and defined in /media/josch/DATEN_SSD/CodeLocal/wf-request-mapper/src/RequestMapperConfig.php:21
Stack trace:
#0 /media/josch/DATEN_SSD/CodeLocal/wf-request-mapper/index.php(11): RequestMapperConfig->__construct()
#1 {main}
  thrown in /media/josch/DATEN_SSD/CodeLocal/wf-request-mapper/src/RequestMapperConfig.php on line 21
[23-Mar-2023 15:22:35 Europe/Berlin] PHP Fatal error:  Uncaught TypeError: RequestMapperConfig::__construct(): Argument #1 ($defaultBasePath) must be of type BasePathConfig, string given, called in /media/josch/DATEN_SSD/CodeLocal/wf-request-mapper/index.php on line 11 and defined in /media/josch/DATEN_SSD/CodeLocal/wf-request-mapper/src/RequestMapperConfig.php:21
Stack trace:
#0 /media/josch/DATEN_SSD/CodeLocal/wf-request-mapper/index.php(11): RequestMapperConfig->__construct()
#1 {main}
  thrown in /media/josch/DATEN_SSD/CodeLocal/wf-request-mapper/src/RequestMapperConfig.php on line 21
[23-Mar-2023 15:24:34 Europe/Berlin] PHP Fatal error:  Uncaught TypeError: RequestMapperConfig::__construct(): Argument #1 ($defaultBasePath) must be of type BasePathConfig, string given, called in /media/josch/DATEN_SSD/CodeLocal/wf-request-mapper/index.php on line 11 and defined in /media/josch/DATEN_SSD/CodeLocal/wf-request-mapper/src/RequestMapperConfig.php:21
Stack trace:
#0 /media/josch/DATEN_SSD/CodeLocal/wf-request-mapper/index.php(11): RequestMapperConfig->__construct()
#1 {main}
  thrown in /media/josch/DATEN_SSD/CodeLocal/wf-request-mapper/src/RequestMapperConfig.php on line 21
[23-Mar-2023 15:24:39 Europe/Berlin] PHP Fatal error:  Uncaught TypeError: RequestMapperConfig::__construct(): Argument #1 ($defaultBasePath) must be of type BasePathConfig, string given, called in /media/josch/DATEN_SSD/CodeLocal/wf-request-mapper/index.php on line 11 and defined in /media/josch/DATEN_SSD/CodeLocal/wf-request-mapper/src/RequestMapperConfig.php:21
Stack trace:
#0 /media/josch/DATEN_SSD/CodeLocal/wf-request-mapper/index.php(11): RequestMapperConfig->__construct()
#1 {main}
  thrown in /media/josch/DATEN_SSD/CodeLocal/wf-request-mapper/src/RequestMapperConfig.php on line 21
[23-Mar-2023 15:25:39 Europe/Berlin] PHP Fatal error:  Uncaught TypeError: RequestMapperConfig::__construct(): Argument #1 ($defaultBasePath) must be of type BasePathConfig, string given, called in /media/josch/DATEN_SSD/CodeLocal/wf-request-mapper/index.php on line 11 and defined in /media/josch/DATEN_SSD/CodeLocal/wf-request-mapper/src/RequestMapperConfig.php:21
Stack trace:
#0 /media/josch/DATEN_SSD/CodeLocal/wf-request-mapper/index.php(11): RequestMapperConfig->__construct()
#1 {main}
  thrown in /media/josch/DATEN_SSD/CodeLocal/wf-request-mapper/src/RequestMapperConfig.php on line 21
[23-Mar-2023 15:27:40 Europe/Berlin] PHP Fatal error:  Uncaught TypeError: RequestMapperConfig::__construct(): Argument #1 ($defaultBasePath) must be of type BasePathConfig, string given, called in /media/josch/DATEN_SSD/CodeLocal/wf-request-mapper/index.php on line 11 and defined in /media/josch/DATEN_SSD/CodeLocal/wf-request-mapper/src/RequestMapperConfig.php:21
Stack trace:
#0 /media/josch/DATEN_SSD/CodeLocal/wf-request-mapper/index.php(11): RequestMapperConfig->__construct()
#1 {main}
  thrown in /media/josch/DATEN_SSD/CodeLocal/wf-request-mapper/src/RequestMapperConfig.php on line 21
[23-Mar-2023 15:28:01 Europe/Berlin] PHP Fatal error:  Uncaught TypeError: RequestMapperConfig::__construct(): Argument #1 ($defaultBasePath) must be of type BasePathConfig, string given, called in /media/josch/DATEN_SSD/CodeLocal/wf-request-mapper/index.php on line 11 and defined in /media/josch/DATEN_SSD/CodeLocal/wf-request-mapper/src/RequestMapperConfig.php:21
Stack trace:
#0 /media/josch/DATEN_SSD/CodeLocal/wf-request-mapper/index.php(11): RequestMapperConfig->__construct()
#1 {main}
  thrown in /media/josch/DATEN_SSD/CodeLocal/wf-request-mapper/src/RequestMapperConfig.php on line 21
[23-Mar-2023 15:28:17 Europe/Berlin] PHP Fatal error:  Uncaught TypeError: RequestMapperConfig::__construct(): Argument #1 ($defaultBasePath) must be of type BasePathConfig, string given, called in /media/josch/DATEN_SSD/CodeLocal/wf-request-mapper/index.php on line 11 and defined in /media/josch/DATEN_SSD/CodeLocal/wf-request-mapper/src/RequestMapperConfig.php:21
Stack trace:
#0 /media/josch/DATEN_SSD/CodeLocal/wf-request-mapper/index.php(11): RequestMapperConfig->__construct()
#1 {main}
  thrown in /media/josch/DATEN_SSD/CodeLocal/wf-request-mapper/src/RequestMapperConfig.php on line 21
[23-Mar-2023 15:28:33 Europe/Berlin] PHP Fatal error:  Uncaught TypeError: RequestMapperConfig::__construct(): Argument #1 ($defaultBasePath) must be of type BasePathConfig, string given, called in /media/josch/DATEN_SSD/CodeLocal/wf-request-mapper/index.php on line 11 and defined in /media/josch/DATEN_SSD/CodeLocal/wf-request-mapper/src/RequestMapperConfig.php:21
Stack trace:
#0 /media/josch/DATEN_SSD/CodeLocal/wf-request-mapper/index.php(11): RequestMapperConfig->__construct()
#1 {main}
  thrown in /media/josch/DATEN_SSD/CodeLocal/wf-request-mapper/src/RequestMapperConfig.php on line 21
[23-Mar-2023 15:29:24 Europe/Berlin] PHP Fatal error:  Uncaught TypeError: RequestMapperConfig::__construct(): Argument #1 ($defaultBasePath) must be of type BasePathConfig, string given, called in /media/josch/DATEN_SSD/CodeLocal/wf-request-mapper/index.php on line 11 and defined in /media/josch/DATEN_SSD/CodeLocal/wf-request-mapper/src/RequestMapperConfig.php:21
Stack trace:
#0 /media/josch/DATEN_SSD/CodeLocal/wf-request-mapper/index.php(11): RequestMapperConfig->__construct()
#1 {main}
  thrown in /media/josch/DATEN_SSD/CodeLocal/wf-request-mapper/src/RequestMapperConfig.php on line 21
[23-Mar-2023 15:30:55 Europe/Berlin] PHP Fatal error:  Uncaught TypeError: RequestMapperConfig::__construct(): Argument #1 ($defaultBasePath) must be of type BasePathConfig, string given, called in /media/josch/DATEN_SSD/CodeLocal/wf-request-mapper/index.php on line 11 and defined in /media/josch/DATEN_SSD/CodeLocal/wf-request-mapper/src/RequestMapperConfig.php:21
Stack trace:
#0 /media/josch/DATEN_SSD/CodeLocal/wf-request-mapper/index.php(11): RequestMapperConfig->__construct()
#1 {main}
  thrown in /media/josch/DATEN_SSD/CodeLocal/wf-request-mapper/src/RequestMapperConfig.php on line 21
[23-Mar-2023 15:32:30 Europe/Berlin] PHP Fatal error:  Uncaught TypeError: RequestMapperConfig::__construct(): Argument #1 ($defaultBasePath) must be of type BasePathConfig, string given, called in /media/josch/DATEN_SSD/CodeLocal/wf-request-mapper/index.php on line 11 and defined in /media/josch/DATEN_SSD/CodeLocal/wf-request-mapper/src/RequestMapperConfig.php:21
Stack trace:
#0 /media/josch/DATEN_SSD/CodeLocal/wf-request-mapper/index.php(11): RequestMapperConfig->__construct()
#1 {main}
  thrown in /media/josch/DATEN_SSD/CodeLocal/wf-request-mapper/src/RequestMapperConfig.php on line 21
[23-Mar-2023 15:32:30 Europe/Berlin] PHP Fatal error:  Uncaught TypeError: RequestMapperConfig::__construct(): Argument #1 ($defaultBasePath) must be of type BasePathConfig, string given, called in /media/josch/DATEN_SSD/CodeLocal/wf-request-mapper/index.php on line 11 and defined in /media/josch/DATEN_SSD/CodeLocal/wf-request-mapper/src/RequestMapperConfig.php:21
Stack trace:
#0 /media/josch/DATEN_SSD/CodeLocal/wf-request-mapper/index.php(11): RequestMapperConfig->__construct()
#1 {main}
  thrown in /media/josch/DATEN_SSD/CodeLocal/wf-request-mapper/src/RequestMapperConfig.php on line 21
[23-Mar-2023 15:32:31 Europe/Berlin] PHP Fatal error:  Uncaught TypeError: RequestMapperConfig::__construct(): Argument #1 ($defaultBasePath) must be of type BasePathConfig, string given, called in /media/josch/DATEN_SSD/CodeLocal/wf-request-mapper/index.php on line 11 and defined in /media/josch/DATEN_SSD/CodeLocal/wf-request-mapper/src/RequestMapperConfig.php:21
Stack trace:
#0 /media/josch/DATEN_SSD/CodeLocal/wf-request-mapper/index.php(11): RequestMapperConfig->__construct()
#1 {main}
  thrown in /media/josch/DATEN_SSD/CodeLocal/wf-request-mapper/src/RequestMapperConfig.php on line 21
[23-Mar-2023 15:43:47 Europe/Berlin] PHP Fatal error:  Uncaught TypeError: RequestMapperConfig::__construct(): Argument #1 ($defaultBasePath) must be of type BasePathConfig, string given, called in /media/josch/DATEN_SSD/CodeLocal/wf-request-mapper/index.php on line 11 and defined in /media/josch/DATEN_SSD/CodeLocal/wf-request-mapper/src/RequestMapperConfig.php:21
Stack trace:
#0 /media/josch/DATEN_SSD/CodeLocal/wf-request-mapper/index.php(11): RequestMapperConfig->__construct()
#1 {main}
  thrown in /media/josch/DATEN_SSD/CodeLocal/wf-request-mapper/src/RequestMapperConfig.php on line 21
[23-Mar-2023 15:43:49 Europe/Berlin] PHP Fatal error:  Uncaught TypeError: RequestMapperConfig::__construct(): Argument #1 ($defaultBasePath) must be of type BasePathConfig, string given, called in /media/josch/DATEN_SSD/CodeLocal/wf-request-mapper/index.php on line 11 and defined in /media/josch/DATEN_SSD/CodeLocal/wf-request-mapper/src/RequestMapperConfig.php:21
Stack trace:
#0 /media/josch/DATEN_SSD/CodeLocal/wf-request-mapper/index.php(11): RequestMapperConfig->__construct()
#1 {main}
  thrown in /media/josch/DATEN_SSD/CodeLocal/wf-request-mapper/src/RequestMapperConfig.php on line 21
[23-Mar-2023 15:47:57 Europe/Berlin] PHP Fatal error:  Uncaught TypeError: RequestMapperConfig::__construct(): Argument #1 ($defaultBasePath) must be of type BasePathConfig, string given, called in /media/josch/DATEN_SSD/CodeLocal/wf-request-mapper/index.php on line 11 and defined in /media/josch/DATEN_SSD/CodeLocal/wf-request-mapper/src/RequestMapperConfig.php:21
Stack trace:
#0 /media/josch/DATEN_SSD/CodeLocal/wf-request-mapper/index.php(11): RequestMapperConfig->__construct()
#1 {main}
  thrown in /media/josch/DATEN_SSD/CodeLocal/wf-request-mapper/src/RequestMapperConfig.php on line 21
[23-Mar-2023 15:56:13 Europe/Berlin] PHP Fatal error:  Uncaught TypeError: RequestMapperConfig::__construct(): Argument #1 ($defaultBasePath) must be of type BasePathConfig, string given, called in /media/josch/DATEN_SSD/CodeLocal/wf-request-mapper/index.php on line 11 and defined in /media/josch/DATEN_SSD/CodeLocal/wf-request-mapper/src/RequestMapperConfig.php:21
Stack trace:
#0 /media/josch/DATEN_SSD/CodeLocal/wf-request-mapper/index.php(11): RequestMapperConfig->__construct()
#1 {main}
  thrown in /media/josch/DATEN_SSD/CodeLocal/wf-request-mapper/src/RequestMapperConfig.php on line 21
[24-Mar-2023 09:19:38 Europe/Berlin] PHP Fatal error:  Uncaught TypeError: RequestMapperConfig::__construct(): Argument #1 ($defaultBasePath) must be of type BasePathConfig, string given, called in /media/josch/DATEN_SSD/CodeLocal/wf-request-mapper/index.php on line 11 and defined in /media/josch/DATEN_SSD/CodeLocal/wf-request-mapper/src/RequestMapperConfig.php:21
Stack trace:
#0 /media/josch/DATEN_SSD/CodeLocal/wf-request-mapper/index.php(11): RequestMapperConfig->__construct()
#1 {main}
  thrown in /media/josch/DATEN_SSD/CodeLocal/wf-request-mapper/src/RequestMapperConfig.php on line 21
[24-Mar-2023 09:19:39 Europe/Berlin] PHP Fatal error:  Uncaught TypeError: RequestMapperConfig::__construct(): Argument #1 ($defaultBasePath) must be of type BasePathConfig, string given, called in /media/josch/DATEN_SSD/CodeLocal/wf-request-mapper/index.php on line 11 and defined in /media/josch/DATEN_SSD/CodeLocal/wf-request-mapper/src/RequestMapperConfig.php:21
Stack trace:
#0 /media/josch/DATEN_SSD/CodeLocal/wf-request-mapper/index.php(11): RequestMapperConfig->__construct()
#1 {main}
  thrown in /media/josch/DATEN_SSD/CodeLocal/wf-request-mapper/src/RequestMapperConfig.php on line 21
[24-Mar-2023 09:19:40 Europe/Berlin] PHP Fatal error:  Uncaught TypeError: RequestMapperConfig::__construct(): Argument #1 ($defaultBasePath) must be of type BasePathConfig, string given, called in /media/josch/DATEN_SSD/CodeLocal/wf-request-mapper/index.php on line 11 and defined in /media/josch/DATEN_SSD/CodeLocal/wf-request-mapper/src/RequestMapperConfig.php:21
Stack trace:
#0 /media/josch/DATEN_SSD/CodeLocal/wf-request-mapper/index.php(11): RequestMapperConfig->__construct()
#1 {main}
  thrown in /media/josch/DATEN_SSD/CodeLocal/wf-request-mapper/src/RequestMapperConfig.php on line 21
[27-Mar-2023 09:18:21 Europe/Berlin] PHP Fatal error:  Uncaught TypeError: RequestMapperConfig::__construct(): Argument #1 ($defaultBasePath) must be of type BasePathConfig, string given, called in /media/josch/DATEN_SSD/CodeLocal/wf-request-mapper/index.php on line 11 and defined in /media/josch/DATEN_SSD/CodeLocal/wf-request-mapper/src/RequestMapperConfig.php:21
Stack trace:
#0 /media/josch/DATEN_SSD/CodeLocal/wf-request-mapper/index.php(11): RequestMapperConfig->__construct()
#1 {main}
  thrown in /media/josch/DATEN_SSD/CodeLocal/wf-request-mapper/src/RequestMapperConfig.php on line 21
[27-Mar-2023 09:18:21 Europe/Berlin] PHP Fatal error:  Uncaught TypeError: RequestMapperConfig::__construct(): Argument #1 ($defaultBasePath) must be of type BasePathConfig, string given, called in /media/josch/DATEN_SSD/CodeLocal/wf-request-mapper/index.php on line 11 and defined in /media/josch/DATEN_SSD/CodeLocal/wf-request-mapper/src/RequestMapperConfig.php:21
Stack trace:
#0 /media/josch/DATEN_SSD/CodeLocal/wf-request-mapper/index.php(11): RequestMapperConfig->__construct()
#1 {main}
  thrown in /media/josch/DATEN_SSD/CodeLocal/wf-request-mapper/src/RequestMapperConfig.php on line 21
[27-Mar-2023 18:10:10 Europe/Berlin] PHP Fatal error:  Uncaught TypeError: RequestMapperConfig::__construct(): Argument #1 ($defaultBasePath) must be of type BasePathConfig, string given, called in /media/josch/DATEN_SSD/CodeLocal/wf-request-mapper/index.php on line 11 and defined in /media/josch/DATEN_SSD/CodeLocal/wf-request-mapper/src/RequestMapperConfig.php:21
Stack trace:
#0 /media/josch/DATEN_SSD/CodeLocal/wf-request-mapper/index.php(11): RequestMapperConfig->__construct()
#1 {main}
  thrown in /media/josch/DATEN_SSD/CodeLocal/wf-request-mapper/src/RequestMapperConfig.php on line 21
[27-Mar-2023 18:10:10 Europe/Berlin] PHP Fatal error:  Uncaught TypeError: RequestMapperConfig::__construct(): Argument #1 ($defaultBasePath) must be of type BasePathConfig, string given, called in /media/josch/DATEN_SSD/CodeLocal/wf-request-mapper/index.php on line 11 and defined in /media/josch/DATEN_SSD/CodeLocal/wf-request-mapper/src/RequestMapperConfig.php:21
Stack trace:
#0 /media/josch/DATEN_SSD/CodeLocal/wf-request-mapper/index.php(11): RequestMapperConfig->__construct()
#1 {main}
  thrown in /media/josch/DATEN_SSD/CodeLocal/wf-request-mapper/src/RequestMapperConfig.php on line 21
[27-Mar-2023 18:10:10 Europe/Berlin] PHP Fatal error:  Uncaught TypeError: RequestMapperConfig::__construct(): Argument #1 ($defaultBasePath) must be of type BasePathConfig, string given, called in /media/josch/DATEN_SSD/CodeLocal/wf-request-mapper/index.php on line 11 and defined in /media/josch/DATEN_SSD/CodeLocal/wf-request-mapper/src/RequestMapperConfig.php:21
Stack trace:
#0 /media/josch/DATEN_SSD/CodeLocal/wf-request-mapper/index.php(11): RequestMapperConfig->__construct()
#1 {main}
  thrown in /media/josch/DATEN_SSD/CodeLocal/wf-request-mapper/src/RequestMapperConfig.php on line 21
[28-Jun-2023 09:30:37 Europe/Berlin] PHP Fatal error:  Uncaught TypeError: RequestMapperConfig::__construct(): Argument #1 ($defaultBasePath) must be of type BasePathConfig, string given, called in /media/josch/DATEN_SSD/CodeLocal/wf-request-mapper/index.php on line 11 and defined in /media/josch/DATEN_SSD/CodeLocal/wf-request-mapper/src/RequestMapperConfig.php:21
Stack trace:
#0 /media/josch/DATEN_SSD/CodeLocal/wf-request-mapper/index.php(11): RequestMapperConfig->__construct()
#1 {main}
  thrown in /media/josch/DATEN_SSD/CodeLocal/wf-request-mapper/src/RequestMapperConfig.php on line 21
[28-Jun-2023 09:30:37 Europe/Berlin] PHP Fatal error:  Uncaught TypeError: RequestMapperConfig::__construct(): Argument #1 ($defaultBasePath) must be of type BasePathConfig, string given, called in /media/josch/DATEN_SSD/CodeLocal/wf-request-mapper/index.php on line 11 and defined in /media/josch/DATEN_SSD/CodeLocal/wf-request-mapper/src/RequestMapperConfig.php:21
Stack trace:
#0 /media/josch/DATEN_SSD/CodeLocal/wf-request-mapper/index.php(11): RequestMapperConfig->__construct()
#1 {main}
  thrown in /media/josch/DATEN_SSD/CodeLocal/wf-request-mapper/src/RequestMapperConfig.php on line 21
[28-Jun-2023 09:30:37 Europe/Berlin] PHP Fatal error:  Uncaught TypeError: RequestMapperConfig::__construct(): Argument #1 ($defaultBasePath) must be of type BasePathConfig, string given, called in /media/josch/DATEN_SSD/CodeLocal/wf-request-mapper/index.php on line 11 and defined in /media/josch/DATEN_SSD/CodeLocal/wf-request-mapper/src/RequestMapperConfig.php:21
Stack trace:
#0 /media/josch/DATEN_SSD/CodeLocal/wf-request-mapper/index.php(11): RequestMapperConfig->__construct()
#1 {main}
  thrown in /media/josch/DATEN_SSD/CodeLocal/wf-request-mapper/src/RequestMapperConfig.php on line 21
[28-Jun-2023 09:30:39 Europe/Berlin] PHP Fatal error:  Uncaught TypeError: RequestMapperConfig::__construct(): Argument #1 ($defaultBasePath) must be of type BasePathConfig, string given, called in /media/josch/DATEN_SSD/CodeLocal/wf-request-mapper/index.php on line 11 and defined in /media/josch/DATEN_SSD/CodeLocal/wf-request-mapper/src/RequestMapperConfig.php:21
Stack trace:
#0 /media/josch/DATEN_SSD/CodeLocal/wf-request-mapper/index.php(11): RequestMapperConfig->__construct()
#1 {main}
  thrown in /media/josch/DATEN_SSD/CodeLocal/wf-request-mapper/src/RequestMapperConfig.php on line 21
[28-Jun-2023 09:30:39 Europe/Berlin] PHP Fatal error:  Uncaught TypeError: RequestMapperConfig::__construct(): Argument #1 ($defaultBasePath) must be of type BasePathConfig, string given, called in /media/josch/DATEN_SSD/CodeLocal/wf-request-mapper/index.php on line 11 and defined in /media/josch/DATEN_SSD/CodeLocal/wf-request-mapper/src/RequestMapperConfig.php:21
Stack trace:
#0 /media/josch/DATEN_SSD/CodeLocal/wf-request-mapper/index.php(11): RequestMapperConfig->__construct()
#1 {main}
  thrown in /media/josch/DATEN_SSD/CodeLocal/wf-request-mapper/src/RequestMapperConfig.php on line 21
[28-Jun-2023 09:30:40 Europe/Berlin] PHP Fatal error:  Uncaught TypeError: RequestMapperConfig::__construct(): Argument #1 ($defaultBasePath) must be of type BasePathConfig, string given, called in /media/josch/DATEN_SSD/CodeLocal/wf-request-mapper/index.php on line 11 and defined in /media/josch/DATEN_SSD/CodeLocal/wf-request-mapper/src/RequestMapperConfig.php:21
Stack trace:
#0 /media/josch/DATEN_SSD/CodeLocal/wf-request-mapper/index.php(11): RequestMapperConfig->__construct()
#1 {main}
  thrown in /media/josch/DATEN_SSD/CodeLocal/wf-request-mapper/src/RequestMapperConfig.php on line 21
[28-Jun-2023 09:30:41 Europe/Berlin] PHP Fatal error:  Uncaught TypeError: RequestMapperConfig::__construct(): Argument #1 ($defaultBasePath) must be of type BasePathConfig, string given, called in /media/josch/DATEN_SSD/CodeLocal/wf-request-mapper/index.php on line 11 and defined in /media/josch/DATEN_SSD/CodeLocal/wf-request-mapper/src/RequestMapperConfig.php:21
Stack trace:
#0 /media/josch/DATEN_SSD/CodeLocal/wf-request-mapper/index.php(11): RequestMapperConfig->__construct()
#1 {main}
  thrown in /media/josch/DATEN_SSD/CodeLocal/wf-request-mapper/src/RequestMapperConfig.php on line 21
